TN:
SF:src/createConnection.ts
FN:3,createConnection
FNF:1
FNH:1
FNDA:1,createConnection
DA:1,1
DA:4,1
DA:12,1
LF:3
LH:3
BRF:0
BRH:0
end_of_record
TN:
SF:src/server.ts
FN:6,createServer
FNF:1
FNH:1
FNDA:1,createServer
DA:1,1
DA:2,1
DA:3,1
DA:4,1
DA:7,1
DA:11,1
DA:12,1
DA:15,1
LF:8
LH:8
BRF:0
BRH:0
end_of_record
TN:
SF:src/graphql_types/CreateWilderInput.ts
FNF:0
FNH:0
DA:1,1
DA:5,1
DA:7,1
DA:10,1
DA:13,1
LF:5
LH:5
BRF:0
BRH:0
end_of_record
TN:
SF:src/graphql_types/Skill.ts
FN:6,(anonymous_2)
FN:13,(anonymous_3)
FNF:2
FNH:2
FNDA:1,(anonymous_2)
FNDA:1,(anonymous_3)
DA:1,1
DA:4,1
DA:6,1
DA:7,1
DA:10,1
DA:13,1
DA:14,1
DA:17,1
LF:8
LH:8
BRF:0
BRH:0
end_of_record
TN:
SF:src/graphql_types/Wilder.ts
FN:7,(anonymous_3)
FN:17,(anonymous_4)
FNF:2
FNH:2
FNDA:1,(anonymous_3)
FNDA:1,(anonymous_4)
DA:1,1
DA:2,1
DA:5,1
DA:7,1
DA:8,1
DA:11,1
DA:14,1
DA:17,1
DA:18,1
DA:21,1
LF:10
LH:10
BRF:0
BRH:0
end_of_record
TN:
SF:src/models/Wilder.ts
FNF:0
FNH:0
DA:1,1
DA:10,1
DA:11,1
DA:17,1
LF:4
LH:4
BRF:0
BRH:0
end_of_record
TN:
SF:src/resolvers/WilderResolver.ts
FN:10,(anonymous_5)
FN:16,(anonymous_6)
FN:9,(anonymous_7)
FN:15,(anonymous_8)
FNF:4
FNH:4
FNDA:1,(anonymous_5)
FNDA:1,(anonymous_6)
FNDA:1,(anonymous_7)
FNDA:1,(anonymous_8)
DA:2,1
DA:3,1
DA:4,1
DA:5,1
DA:8,1
DA:9,1
DA:10,1
DA:11,1
DA:12,1
DA:15,1
DA:16,1
DA:19,1
DA:20,1
DA:21,1
DA:25,1
LF:15
LH:15
BRF:0
BRH:0
end_of_record
